<?xml version="1.0" encoding="UTF-8"?>
<!-- Generated by org.testng.reporters.JUnitReportReporter -->
<testsuite hostname="LENOVO-YOGA" failures="0" tests="1" name="Com.Redbus.TestCases.BookTicket_TestClass" time="9.274" errors="0" timestamp="2023-01-23T13:29:51 IST" skipped="0">
  <testcase classname="Com.Redbus.TestCases.BookTicket_TestClass" name="Search" time="9.274"/>
  <system-out/>
</testsuite> <!-- Com.Redbus.TestCases.BookTicket_TestClass -->
